build/app/intermediates/manifest_merge_blame_file/release/manifest-merger-blame-release-report.txt
1<?xml version="1.0" encoding="utf-8"?>
2<manifest xmlns:android="http://schemas.android.com/apk/res/android"
3    package="com.example.myapp"
4    android:versionCode="1"
5    android:versionName="1.0.0" > <!-- <uses-permission android:name="android.permission.ACCESS_WIFI_STATE" /> -->
6    <!-- &lt;!&ndash;点播播放器悬浮窗权限&ndash;&gt; -->
7    <!-- <uses-permission android:name="android.permission.SYSTEM_ALERT_WINDOW" /> -->
8    <!-- &lt;!&ndash;存储&ndash;&gt; -->
9    <!-- <uses-permission android:name="android.permission.WRITE_EXTERNAL_STORAGE" /> -->
10    <!-- <uses-permission android:name="android.permission.READ_EXTERNAL_STORAGE" /> -->
11    <uses-sdk
12        android:minSdkVersion="16"
12-->src/main/AndroidManifest.xml
13        android:targetSdkVersion="28" />
13-->src/main/AndroidManifest.xml
14    <!-- 网络权限 -->
15    <uses-permission android:name="android.permission.INTERNET" />
15-->src/main/AndroidManifest.xml:51:5-67
15-->src/main/AndroidManifest.xml:51:22-64
16    <uses-permission android:name="android.permission.ACCESS_NETWORK_STATE" />
16-->src/main/AndroidManifest.xml:52:5-79
16-->src/main/AndroidManifest.xml:52:22-76
17    <uses-permission android:name="android.permission.ACCESS_WIFI_STATE" />
17-->[:connectivity] AndroidManifest.xml:8:5-76
17-->[:connectivity] AndroidManifest.xml:8:22-73
18    <!--
19 io.flutter.app.FlutterApplication is an android.app.Application that
20         calls FlutterMain.startInitialization(this); in its onCreate method.
21         In most cases you can leave this as-is, but you if you want to provide
22         additional functionality it is fine to subclass or reimplement
23         FlutterApplication and put your custom class here.
24    -->
25    <application
25-->src/main/AndroidManifest.xml:8:5-49:19
26        android:name="io.flutter.app.FlutterApplication"
26-->src/main/AndroidManifest.xml:12:9-57
27        android:appComponentFactory="androidx.core.app.CoreComponentFactory"
27-->[androidx.core:core:1.0.0] AndroidManifest.xml:22:18-86
28        android:icon="@mipmap/ic_launcher"
28-->src/main/AndroidManifest.xml:14:9-43
29        android:label="myapp"
29-->src/main/AndroidManifest.xml:13:9-30
30        android:versionCode="1"
30-->src/main/AndroidManifest.xml:9:9-32
31        android:versionName="1.0.0" >
31-->src/main/AndroidManifest.xml:10:9-36
32        <activity
32-->src/main/AndroidManifest.xml:15:9-43:20
33            android:name="com.example.myapp.MainActivity"
33-->src/main/AndroidManifest.xml:16:13-41
34            android:configChanges="orientation|keyboardHidden|keyboard|screenSize|smallestScreenSize|locale|layoutDirection|fontScale|screenLayout|density|uiMode"
34-->src/main/AndroidManifest.xml:19:13-163
35            android:hardwareAccelerated="true"
35-->src/main/AndroidManifest.xml:20:13-47
36            android:launchMode="singleTop"
36-->src/main/AndroidManifest.xml:17:13-43
37            android:theme="@style/LaunchTheme"
37-->src/main/AndroidManifest.xml:18:13-47
38            android:windowSoftInputMode="adjustResize" >
38-->src/main/AndroidManifest.xml:21:13-55
39
40            <!--
41                 Specifies an Android theme to apply to this Activity as soon as
42                 the Android process has started. This theme is visible to the user
43                 while the Flutter UI initializes. After that, this theme continues
44                 to determine the Window background behind the Flutter UI.
45            -->
46            <meta-data
46-->src/main/AndroidManifest.xml:26:13-29:17
47                android:name="io.flutter.embedding.android.NormalTheme"
47-->src/main/AndroidManifest.xml:27:15-70
48                android:resource="@style/NormalTheme" />
48-->src/main/AndroidManifest.xml:28:15-52
49            <!--
50                 Displays an Android View that continues showing the launch screen
51                 Drawable until Flutter paints its first frame, then this splash
52                 screen fades out. A splash screen is useful to avoid any visual
53                 gap between the end of Android's launch screen and the painting of
54                 Flutter's first frame.
55            -->
56            <meta-data
56-->src/main/AndroidManifest.xml:35:13-38:17
57                android:name="io.flutter.embedding.android.SplashScreenDrawable"
57-->src/main/AndroidManifest.xml:36:15-79
58                android:resource="@drawable/launch_background" />
58-->src/main/AndroidManifest.xml:37:15-61
59
60            <intent-filter>
60-->src/main/AndroidManifest.xml:39:13-42:29
61                <action android:name="android.intent.action.MAIN" />
61-->src/main/AndroidManifest.xml:40:17-68
61-->src/main/AndroidManifest.xml:40:25-66
62
63                <category android:name="android.intent.category.LAUNCHER" />
63-->src/main/AndroidManifest.xml:41:17-76
63-->src/main/AndroidManifest.xml:41:27-74
64            </intent-filter>
65        </activity>
66        <!--
67             Don't delete the meta-data below.
68             This is used by the Flutter tool to generate GeneratedPluginRegistrant.java
69        -->
70        <meta-data
70-->src/main/AndroidManifest.xml:46:9-48:33
71            android:name="flutterEmbedding"
71-->src/main/AndroidManifest.xml:47:13-44
72            android:value="2" />
72-->src/main/AndroidManifest.xml:48:13-30
73
74        <activity
74-->[:url_launcher] AndroidManifest.xml:8:9-11:74
75            android:name="io.flutter.plugins.urllauncher.WebViewActivity"
75-->[:url_launcher] AndroidManifest.xml:9:13-74
76            android:exported="false"
76-->[:url_launcher] AndroidManifest.xml:10:13-37
77            android:theme="@android:style/Theme.NoTitleBar.Fullscreen" />
77-->[:url_launcher] AndroidManifest.xml:11:13-71
78    </application>
79
80</manifest>